<?xml version="1.0" encoding="UTF-8"?>
<!-- Generated by org.testng.reporters.JUnitReportReporter -->
<testsuite hostname="DESKTOP-2MJP4C0" failures="0" tests="2" name="com.crm.DwsTestCase.LoginFunctionWithMultipleCredentials" time="25.404" errors="0" timestamp="2024-05-30T12:50:21 IST" skipped="0">
  <testcase classname="com.crm.DwsTestCase.LoginFunctionWithMultipleCredentials" name="loginCredential" time="11.732"/>
  <testcase classname="com.crm.DwsTestCase.LoginFunctionWithMultipleCredentials" name="loginCredential" time="13.672"/>
</testsuite> <!-- com.crm.DwsTestCase.LoginFunctionWithMultipleCredentials -->
