<?xml version="1.0" encoding="UTF-8"?>
<!-- Generated by org.testng.reporters.JUnitReportReporter -->
<testsuite hostname="DESKTOP-2MJP4C0" failures="0" tests="1" name="WelcomePage.SearchProduct" time="6.465" errors="0" timestamp="2024-05-27T23:48:01 IST" skipped="0">
  <testcase classname="WelcomePage.SearchProduct" name="search" time="6.465"/>
</testsuite> <!-- WelcomePage.SearchProduct -->
