<?xml version="1.0" encoding="UTF-8"?>
<!-- Generated by org.testng.reporters.JUnitReportReporter -->
<testsuite hostname="DESKTOP-2MJP4C0" failures="0" tests="1" name="com.crm.DwsTestCase.VerifyGiftCard" time="11.183" errors="0" timestamp="2024-05-30T12:50:21 IST" skipped="0">
  <testcase classname="com.crm.DwsTestCase.VerifyGiftCard" name="read" time="11.183"/>
</testsuite> <!-- com.crm.DwsTestCase.VerifyGiftCard -->
