<?xml version="1.0" encoding="UTF-8"?>
<!-- Generated by org.testng.reporters.JUnitReportReporter -->
<testsuite hostname="DESKTOP-2MJP4C0" failures="0" tests="1" name="WelcomePage.FollowUs" time="19.823" errors="0" timestamp="2024-05-28T10:01:20 IST" skipped="0">
  <testcase classname="WelcomePage.FollowUs" name="clickLink" time="19.823"/>
</testsuite> <!-- WelcomePage.FollowUs -->
