<?xml version="1.0" encoding="UTF-8"?>
<!-- Generated by org.testng.reporters.JUnitReportReporter -->
<testsuite hostname="DESKTOP-2MJP4C0" failures="0" tests="1" name="GiftCardPage.GiftCardForm" time="11.795" errors="0" timestamp="2024-05-28T02:24:25 IST" skipped="0">
  <testcase classname="GiftCardPage.GiftCardForm" name="giftCard" time="11.795"/>
</testsuite> <!-- GiftCardPage.GiftCardForm -->
