<?xml version="1.0" encoding="UTF-8"?>
<!-- Generated by org.testng.reporters.JUnitReportReporter -->
<testsuite hostname="DESKTOP-2MJP4C0" failures="0" tests="1" name="AddToCartPage.AddToCartForm" time="8.706" errors="0" timestamp="2024-05-28T01:49:01 IST" skipped="0">
  <testcase classname="AddToCartPage.AddToCartForm" name="addToCart" time="8.706"/>
</testsuite> <!-- AddToCartPage.AddToCartForm -->
