<?xml version="1.0" encoding="UTF-8"?>
<!-- Generated by org.testng.reporters.JUnitReportReporter -->
<testsuite hostname="DESKTOP-2MJP4C0" failures="0" tests="1" name="LoginPage.LoginForm" time="1.516" errors="0" timestamp="2024-05-28T01:23:18 IST" skipped="0">
  <testcase classname="LoginPage.LoginForm" name="login" time="1.516"/>
</testsuite> <!-- LoginPage.LoginForm -->
