<?xml version="1.0" encoding="UTF-8"?>
<!-- Generated by org.testng.reporters.JUnitReportReporter -->
<testsuite hostname="DESKTOP-2MJP4C0" failures="0" tests="1" name="WelcomePage.NavbarClick" time="11.437" errors="0" timestamp="2024-05-28T01:10:33 IST" skipped="0">
  <testcase classname="WelcomePage.NavbarClick" name="clickOn" time="11.437"/>
</testsuite> <!-- WelcomePage.NavbarClick -->
