<?xml version="1.0" encoding="UTF-8"?>
<!-- Generated by org.testng.reporters.JUnitReportReporter -->
<testsuite hostname="DESKTOP-2MJP4C0" failures="0" tests="1" name="RegisterPage.RegisterForm" time="2.955" errors="0" timestamp="2024-05-28T00:57:03 IST" skipped="0">
  <testcase classname="RegisterPage.RegisterForm" name="register" time="2.955"/>
</testsuite> <!-- RegisterPage.RegisterForm -->
